<?xml version="1.0" encoding="UTF-8"?>
<testng-results skipped="0" failed="0" ignored="0" total="1" passed="1">
  <reporter-output>
  </reporter-output>
  <suite name="Default suite" duration-ms="119416" started-at="2020-05-20T08:05:57 IST" finished-at="2020-05-20T08:07:57 IST">
    <groups>
    </groups>
    <test name="Default test" duration-ms="119416" started-at="2020-05-20T08:05:57 IST" finished-at="2020-05-20T08:07:57 IST">
      <class name="testcases.VerifyLoginPage">
        <test-method status="PASS" signature="browserSetup()[pri:0, instance:testcases.VerifyLoginPage@7c29daf3]" name="browserSetup" is-config="true" duration-ms="60363" started-at="2020-05-20T08:05:57 IST" finished-at="2020-05-20T08:06:57 IST">
          <reporter-output>
          </reporter-output>
        </test-method> <!-- browserSetup -->
        <test-method status="PASS" signature="verifyLoginPage()[pri:0, instance:testcases.VerifyLoginPage@7c29daf3]" name="verifyLoginPage" duration-ms="58700" started-at="2020-05-20T08:06:58 IST" finished-at="2020-05-20T08:07:56 IST">
          <reporter-output>
          </reporter-output>
        </test-method> <!-- verifyLoginPage -->
      </class> <!-- testcases.VerifyLoginPage -->
    </test> <!-- Default test -->
  </suite> <!-- Default suite -->
</testng-results>
